This is pdfTeX, Version 3.141592653-2.6-1.40.26 (TeX Live 2024) (preloaded format=latex 2024.6.1)  12 JUN 2024 14:50
entering extended mode
 restricted \write18 enabled.
 %&-line parsing enabled.
**media/Tex/bc63dca4f91a3ce9.tex
(./media/Tex/bc63dca4f91a3ce9.tex
LaTeX2e <2023-11-01> patch level 1
L3 programming layer <2024-05-08>

! LaTeX Error: File `standalone.cls' not found.

Type X to quit or <RETURN> to proceed,
or enter new name. (Default extension: cls)

Enter file name: 
! Emergency stop.
<read *> 
         
l.2 \usepackage
               [english]{babel}^^M 
Here is how much of TeX's memory you used:
 20 strings out of 475953
 508 string characters out of 5788192
 1925904 words of memory out of 5000000
 22350 multiletter control sequences out of 15000+600000
 558069 words of font info for 36 fonts, out of 8000000 for 9000
 14 hyphenation exceptions out of 8191
 19i,0n,29p,97b,17s stack positions out of 10000i,1000n,20000p,200000b,200000s

No pages of output.
